Flow report for COMP4
Fri Jul 18 11:00:52 2025
Quartus Prime Version 20.1.1 Build 720 11/11/2020 SJ Lite Edition


---------------------
; Table of Contents ;
---------------------
  1. Legal Notice
  2. Flow Summary
  3. Flow Settings
  4. Flow Non-Default Global Settings
  5. Flow Elapsed Time
  6. Flow OS Summary
  7. Flow Log
  8. Flow Messages
  9. Flow Suppressed Messages



----------------
; Legal Notice ;
----------------
Copyright (C) 2020  Intel Corporation. All rights reserved.
Your use of Intel Corporation's design tools, logic functions 
and other software and tools, and any partner logic 
functions, and any output files from any of the foregoing 
(including device programming or simulation files), and any 
associated documentation or information are expressly subject 
to the terms and conditions of the Intel Program License 
Subscription Agreement, the Intel Quartus Prime License Agreement,
the Intel FPGA IP License Agreement, or other applicable license
agreement, including, without limitation, that your use is for
the sole purpose of programming logic devices manufactured by
Intel and sold by Intel or its authorized distributors.  Please
refer to the applicable agreement for further details, at
https://fpgasoftware.intel.com/eula.



+----------------------------------------------------------------------------------+
; Flow Summary                                                                     ;
+------------------------------------+---------------------------------------------+
; Flow Status                        ; Successful - Fri Jul 18 11:00:52 2025       ;
; Quartus Prime Version              ; 20.1.1 Build 720 11/11/2020 SJ Lite Edition ;
; Revision Name                      ; COMP4                                       ;
; Top-level Entity Name              ; COMP4                                       ;
; Family                             ; Cyclone 10 LP                               ;
; Device                             ; 10CL080YF484C6G                             ;
; Timing Models                      ; Final                                       ;
; Total logic elements               ; 7 / 81,264 ( < 1 % )                        ;
;     Total combinational functions  ; 7 / 81,264 ( < 1 % )                        ;
;     Dedicated logic registers      ; 0 / 81,264 ( 0 % )                          ;
; Total registers                    ; 0                                           ;
; Total pins                         ; 11 / 290 ( 4 % )                            ;
; Total virtual pins                 ; 0                                           ;
; Total memory bits                  ; 0 / 2,810,880 ( 0 % )                       ;
; Embedded Multiplier 9-bit elements ; 0 / 488 ( 0 % )                             ;
; Total PLLs                         ; 0 / 4 ( 0 % )                               ;
+------------------------------------+---------------------------------------------+


+-----------------------------------------+
; Flow Settings                           ;
+-------------------+---------------------+
; Option            ; Setting             ;
+-------------------+---------------------+
; Start date & time ; 07/18/2025 10:58:56 ;
; Main task         ; Compilation         ;
; Revision Name     ; COMP4               ;
+-------------------+---------------------+


+-------------------------------------------------------------------------------------------------------------------------+
; Flow Non-Default Global Settings                                                                                        ;
+-------------------------------------+----------------------------------------+---------------+-------------+------------+
; Assignment Name                     ; Value                                  ; Default Value ; Entity Name ; Section Id ;
+-------------------------------------+----------------------------------------+---------------+-------------+------------+
; COMPILER_SIGNATURE_ID               ; 49410872485993.175280393625608         ; --            ; --          ; --         ;
; MAX_CORE_JUNCTION_TEMP              ; 85                                     ; --            ; --          ; --         ;
; MIN_CORE_JUNCTION_TEMP              ; 0                                      ; --            ; --          ; --         ;
; NOMINAL_CORE_SUPPLY_VOLTAGE         ; 1.2V                                   ; --            ; --          ; --         ;
; PARTITION_COLOR                     ; -- (Not supported for targeted family) ; --            ; --          ; Top        ;
; PARTITION_FITTER_PRESERVATION_LEVEL ; -- (Not supported for targeted family) ; --            ; --          ; Top        ;
; PARTITION_NETLIST_TYPE              ; -- (Not supported for targeted family) ; --            ; --          ; Top        ;
; PROJECT_OUTPUT_DIRECTORY            ; output_files                           ; --            ; --          ; --         ;
+-------------------------------------+----------------------------------------+---------------+-------------+------------+


+--------------------------------------------------------------------------------------------------------------------------+
; Flow Elapsed Time                                                                                                        ;
+----------------------+--------------+-------------------------+---------------------+------------------------------------+
; Module Name          ; Elapsed Time ; Average Processors Used ; Peak Virtual Memory ; Total CPU Time (on all processors) ;
+----------------------+--------------+-------------------------+---------------------+------------------------------------+
; Analysis & Synthesis ; 00:00:08     ; 1.0                     ; 4778 MB             ; 00:00:16                           ;
; Fitter               ; 00:00:06     ; 1.0                     ; 5675 MB             ; 00:00:09                           ;
; Assembler            ; 00:00:02     ; 1.0                     ; 4697 MB             ; 00:00:02                           ;
; Timing Analyzer      ; 00:00:02     ; 1.0                     ; 4865 MB             ; 00:00:02                           ;
; EDA Netlist Writer   ; 00:00:00     ; 1.0                     ; 4644 MB             ; 00:00:01                           ;
; EDA Netlist Writer   ; 00:00:00     ; 1.0                     ; 4652 MB             ; 00:00:01                           ;
; EDA Netlist Writer   ; 00:00:01     ; 1.0                     ; 4644 MB             ; 00:00:00                           ;
; EDA Netlist Writer   ; 00:00:01     ; 1.0                     ; 4652 MB             ; 00:00:01                           ;
; Total                ; 00:00:20     ; --                      ; --                  ; 00:00:32                           ;
+----------------------+--------------+-------------------------+---------------------+------------------------------------+


+------------------------------------------------------------------------------------+
; Flow OS Summary                                                                    ;
+----------------------+------------------+------------+------------+----------------+
; Module Name          ; Machine Hostname ; OS Name    ; OS Version ; Processor type ;
+----------------------+------------------+------------+------------+----------------+
; Analysis & Synthesis ; JSPIDER          ; Windows 10 ; 10.0       ; x86_64         ;
; Fitter               ; JSPIDER          ; Windows 10 ; 10.0       ; x86_64         ;
; Assembler            ; JSPIDER          ; Windows 10 ; 10.0       ; x86_64         ;
; Timing Analyzer      ; JSPIDER          ; Windows 10 ; 10.0       ; x86_64         ;
; EDA Netlist Writer   ; JSPIDER          ; Windows 10 ; 10.0       ; x86_64         ;
; EDA Netlist Writer   ; JSPIDER          ; Windows 10 ; 10.0       ; x86_64         ;
; EDA Netlist Writer   ; JSPIDER          ; Windows 10 ; 10.0       ; x86_64         ;
; EDA Netlist Writer   ; JSPIDER          ; Windows 10 ; 10.0       ; x86_64         ;
+----------------------+------------------+------------+------------+----------------+


------------
; Flow Log ;
------------
quartus_map --read_settings_files=on --write_settings_files=off COMP4 -c COMP4
quartus_fit --read_settings_files=off --write_settings_files=off COMP4 -c COMP4
quartus_asm --read_settings_files=off --write_settings_files=off COMP4 -c COMP4
quartus_sta COMP4 -c COMP4
quartus_eda --gen_testbench --tool=modelsim_oem --format=verilog --write_settings_files=off COMP4 -c COMP4 --vector_source=d:/work/COMP4/Waveform.vwf --testbench_file=d:/work/COMP4/simulation/qsim/Waveform.vwf.vt
quartus_eda --write_settings_files=off --simulation=on --functional=on --flatten_buses=off --tool=modelsim_oem --format=verilog --output_directory=d:/work/COMP4/simulation/qsim/ COMP4 -c COMP4
quartus_eda --gen_testbench --tool=modelsim_oem --format=verilog --write_settings_files=off COMP4 -c COMP4 --vector_source=d:/work/COMP4/Waveform.vwf --testbench_file=d:/work/COMP4/simulation/qsim/Waveform.vwf.vt
quartus_eda --write_settings_files=off --simulation=on --functional=on --flatten_buses=off --tool=modelsim_oem --format=verilog --output_directory=d:/work/COMP4/simulation/qsim/ COMP4 -c COMP4



